<?xml version="1.0" encoding="UTF-8"?>
<!-- Generated by org.testng.reporters.JUnitReportReporter -->
<testsuite hostname="LAPTOP-DRUEEPMS" failures="0" tests="1" name="Runner.Test_Runner" time="150.290" errors="0" timestamp="2023-01-04T11:23:03 PST" skipped="0">
  <testcase classname="Runner.Test_Runner" name="runScenario" time="150.290"/>
  <system-out/>
</testsuite> <!-- Runner.Test_Runner -->
