<?xml version="1.0" encoding="UTF-8"?>
<!-- Generated by org.testng.reporters.JUnitReportReporter -->
<testsuite hostname="LAPTOP-DRUEEPMS" failures="0" tests="1" name="g1.Groups1" time="0.021" errors="0" timestamp="2022-12-14T15:24:19 PST" skipped="0">
  <testcase classname="g1.Groups1" name="testcase2" time="0.021"/>
  <system-out/>
</testsuite> <!-- g1.Groups1 -->
