<?xml version="1.0" encoding="UTF-8"?>
<!-- Generated by org.testng.reporters.JUnitReportReporter -->
<testsuite hostname="LAPTOP-DRUEEPMS" failures="0" tests="1" name="gp1.groups" time="0.021" errors="0" timestamp="2022-12-14T19:50:17 PST" skipped="0">
  <testcase classname="gp1.groups" name="testcase2" time="0.021"/>
  <system-out/>
</testsuite> <!-- gp1.groups -->
