<?xml version="1.0" encoding="UTF-8"?>
<!-- Generated by org.testng.reporters.JUnitReportReporter -->
<testsuite hostname="LAPTOP-DRUEEPMS" failures="0" tests="1" name="Demo1.NewTest2" time="0.020" errors="0" timestamp="2022-12-11T19:34:39 PST" skipped="0">
  <testcase classname="Demo1.NewTest2" name="f" time="0.020"/>
  <system-out/>
</testsuite> <!-- Demo1.NewTest2 -->
