<?xml version="1.0" encoding="UTF-8"?>
<!-- Generated by org.testng.reporters.JUnitReportReporter -->
<testsuite hostname="LAPTOP-DRUEEPMS" failures="0" tests="2" name="reports.ExtentReport" time="45.698" errors="0" timestamp="2022-12-15T15:50:33 PST" skipped="0">
  <testcase classname="reports.ExtentReport" name="Login" time="31.528"/>
  <system-out/>
  <testcase classname="reports.ExtentReport" name="logout" time="14.170"/>
  <system-out/>
</testsuite> <!-- reports.ExtentReport -->
