<?xml version="1.0" encoding="UTF-8"?>
<!-- Generated by org.testng.reporters.JUnitReportReporter -->
<testsuite hostname="LAPTOP-DRUEEPMS" failures="0" tests="3" name="assert1.ASSERTCONDITIONS" time="0.042" errors="0" timestamp="2022-12-14T19:34:23 PST" skipped="0">
  <testcase classname="assert1.ASSERTCONDITIONS" name="Nisha" time="0.033"/>
  <system-out/>
  <testcase classname="assert1.ASSERTCONDITIONS" name="Rocky" time="0.005"/>
  <system-out/>
  <testcase classname="assert1.ASSERTCONDITIONS" name="Anvika" time="0.004"/>
  <system-out/>
</testsuite> <!-- assert1.ASSERTCONDITIONS -->
